
sfs_init()
    conn:
    proto_major = 7
    proto_minor = 13
    async_read = 1
    max_write = 131072
    max_readahead = 131072
    capable = 0000007b
    want = 00000010
    context:
    fuse = 00732510
    uid = 0
    gid = 0
    pid = 0
    private_data = 00732010
    logfile = 00732030
    diskfile = /.autofs/ilab/ilab_users/rk681/OSD_HW2/assignment2/testfsfile
    umask = 00000

sfs_getattr(path="/.git", statbuf=0xc7e69d40)

sfs_getattr(path="/.git", statbuf=0xc7468d40)

sfs_getattr(path="/.git", statbuf=0xc7e69d40)

sfs_getattr(path="/.git", statbuf=0xc7468d40)

sfs_opendir(path="/", fi=0xc7e69d80)
